<?xml version="1.0" encoding="UTF-8" ?>
<testsuite tests="4" failures="2" name="TestSuite" time="467.201" errors="0" skipped="0">
  <properties>
[...]
</properties>
  <testcase classname="com.flutterbee.tinyowl.DefaultLocationGPSEnabledTest" name="DefaultLocationGPSEnabledTestCase" time="207.844"/>
  <testcase classname="com.flutterbee.tinyowl.CurrentLocationGPSDisabledTest" name="CurrentLocationGPSDisabledTestCase" time="31.871">
    <failure message="Restaurants list is not displayed" type="java.lang.AssertionError">java.lang.AssertionError: Restaurants list is not displayed
	at org.testng.Assert.fail(Assert.java:94)
	at com.flutterbee.tinyowl.CurrentLocationGPSDisabledTest.CurrentLocationGPSDisabledTestCase(CurrentLocationGPSDisabledTest.java:86)
</failure>
  </testcase>
  <testcase classname="com.flutterbee.tinyowl.SearchLocationManuallyGPSEnabledTest" name="EnterLocationManuallyGPSEnabledTestCase" time="185.571"/>
  <testcase classname="com.flutterbee.tinyowl.SearchLocationManuallyGPSDisabledTest" name="SearchLocationManuallyGPSDisabledTestCase" time="41.915">
    <failure message="Unable To Fetch Restaurants in Andheri East, Mumbai, Maharashtra, India" type="java.lang.AssertionError">java.lang.AssertionError: Unable To Fetch Restaurants in Andheri East, Mumbai, Maharashtra, India
	at org.testng.Assert.fail(Assert.java:94)
	at com.flutterbee.tinyowl.ManualLocationEntryPage.selectLocationManually(ManualLocationEntryPage.java:112)
	at com.flutterbee.tinyowl.SearchLocationManuallyGPSDisabledTest.SearchLocationManuallyGPSDisabledTestCase(SearchLocationManuallyGPSDisabledTest.java:62)
</failure>
  </testcase>
</testsuite>