<?xml version="1.0" encoding="UTF-8"?>
<!-- Generated by org.testng.reporters.JUnitXMLReporter -->
<testsuite hostname="USMUMDVINAYAK1" name="Command line test" tests="4" failures="0" timestamp="29 Mar 2015 04:05:15 GMT" time="36.228" errors="0">
  <testcase name="@BeforeTest checkGPS" time="0.0" classname="com.flutterbee.tinyowl.CurrentLocationGPSDisabledTest">
    <failure type="org.openqa.selenium.NoSuchElementException" message="An element could not be located on the page using the given search parameters. (WARNING: The server did not provide any stacktrace information)
Command duration or timeout: 840 milliseconds
For documentation on this error, please visit: http://seleniumhq.org/exceptions/no_such_element.html
Build info: version: &amp;apos;2.45.0&amp;apos;, revision: &amp;apos;5017cb8e7ca8e37638dc3091b2440b90a1d8686f&amp;apos;, time: &amp;apos;2015-02-27 09:10:26&amp;apos;
System info: host: &amp;apos;USMUMDVINAYAK1&amp;apos;, ip: &amp;apos;192.168.56.1&amp;apos;, os.name: &amp;apos;Windows 7&amp;apos;, os.arch: &amp;apos;x86&amp;apos;, os.version: &amp;apos;6.1&amp;apos;, java.version: &amp;apos;1.8.0_25&amp;apos;
Driver info: io.appium.java_client.android.AndroidDriver
Capabilities [{appPackage=com.android.settings, networkConnectionEnabled=true, warnings={}, databaseEnabled=false, deviceName=MotoG, platform=LINUX, appActivity=.Settings, desired={appPackage=com.android.settings, appActivity=.Settings, platformVersion=5.0.2, browserName=, platformName=Android, deviceName=MotoG}, platformVersion=5.0.2, webStorageEnabled=false, locationContextEnabled=false, browserName=, takesScreenshot=true, javascriptEnabled=true, platformName=Android}]
Session ID: 842c6c10-2c75-440d-abdf-d45c35e4e411
*** Element info: {Using=id, value=com.android.settings:id/switch_text}">
      <![CDATA[org.openqa.selenium.NoSuchElementException: An element could not be located on the page using the given search parameters. (WARNING: The server did not provide any stacktrace information)
Command duration or timeout: 840 milliseconds
For documentation on this error, please visit: http://seleniumhq.org/exceptions/no_such_element.html
Build info: version: '2.45.0', revision: '5017cb8e7ca8e37638dc3091b2440b90a1d8686f', time: '2015-02-27 09:10:26'
System info: host: 'USMUMDVINAYAK1', ip: '192.168.56.1', os.name: 'Windows 7', os.arch: 'x86', os.version: '6.1', java.version: '1.8.0_25'
Driver info: io.appium.java_client.android.AndroidDriver
Capabilities [{appPackage=com.android.settings, networkConnectionEnabled=true, warnings={}, databaseEnabled=false, deviceName=MotoG, platform=LINUX, appActivity=.Settings, desired={appPackage=com.android.settings, appActivity=.Settings, platformVersion=5.0.2, browserName=, platformName=Android, deviceName=MotoG}, platformVersion=5.0.2, webStorageEnabled=false, locationContextEnabled=false, browserName=, takesScreenshot=true, javascriptEnabled=true, platformName=Android}]
Session ID: 842c6c10-2c75-440d-abdf-d45c35e4e411
*** Element info: {Using=id, value=com.android.settings:id/switch_text}
	at org.openqa.selenium.remote.ErrorHandler.createThrowable(ErrorHandler.java:204)
	at org.openqa.selenium.remote.ErrorHandler.throwIfResponseFailed(ErrorHandler.java:156)
	at org.openqa.selenium.remote.RemoteWebDriver.execute(RemoteWebDriver.java:599)
	at io.appium.java_client.AppiumDriver.execute(AppiumDriver.java:180)
	at org.openqa.selenium.remote.RemoteWebDriver.findElement(RemoteWebDriver.java:352)
	at org.openqa.selenium.remote.RemoteWebDriver.findElementById(RemoteWebDriver.java:393)
	at org.openqa.selenium.By$ById.findElement(By.java:214)
	at org.openqa.selenium.remote.RemoteWebDriver.findElement(RemoteWebDriver.java:344)
	at org.openqa.selenium.support.pagefactory.DefaultElementLocator.findElement(DefaultElementLocator.java:59)
	at org.openqa.selenium.support.pagefactory.internal.LocatingElementHandler.invoke(LocatingElementHandler.java:37)
	at com.sun.proxy.$Proxy8.getText(Unknown Source)
	at com.flutterbee.tinyowl.LocationSettingsPage.getSwitchStatus(LocationSettingsPage.java:75)
	at com.flutterbee.tinyowl.LocationSettingsPage.offSwitch(LocationSettingsPage.java:92)
	at com.flutterbee.tinyowl.CurrentLocationGPSDisabledTest.checkGPS(CurrentLocationGPSDisabledTest.java:18)
... Removed 36 stack frames]]>
    </failure>
  </testcase> <!-- @BeforeTest checkGPS -->
  <testcase name="@BeforeTest checkGPS" time="0.0" classname="com.flutterbee.tinyowl.CurrentLocationGPSDisabledTest">
    <skipped/>
  </testcase> <!-- @BeforeTest checkGPS -->
  <testcase name="@BeforeTest checkGPS" time="0.0" classname="com.flutterbee.tinyowl.CurrentLocationGPSDisabledTest">
    <skipped/>
  </testcase> <!-- @BeforeTest checkGPS -->
  <testcase name="@BeforeTest checkGPS" time="0.0" classname="com.flutterbee.tinyowl.CurrentLocationGPSDisabledTest">
    <skipped/>
  </testcase> <!-- @BeforeTest checkGPS -->
  <testcase name="@AfterTest teardown" time="0.0" classname="com.flutterbee.tinyowl.SearchLocationManuallyGPSEnabledTest">
    <skipped/>
  </testcase> <!-- @AfterTest teardown -->
  <testcase name="CurrentLocationGPSDisabledTestCase" time="0.001" classname="com.flutterbee.tinyowl.CurrentLocationGPSDisabledTest">
    <skipped/>
  </testcase> <!-- CurrentLocationGPSDisabledTestCase -->
  <testcase name="DefaultLocationGPSEnabledTestCase" time="0.001" classname="com.flutterbee.tinyowl.DefaultLocationGPSEnabledTest">
    <skipped/>
  </testcase> <!-- DefaultLocationGPSEnabledTestCase -->
  <testcase name="SearchLocationManuallyGPSDisabledTestCase" time="0.001" classname="com.flutterbee.tinyowl.SearchLocationManuallyGPSDisabledTest">
    <skipped/>
  </testcase> <!-- SearchLocationManuallyGPSDisabledTestCase -->
  <testcase name="EnterLocationManuallyGPSEnabledTestCase" time="0.0" classname="com.flutterbee.tinyowl.SearchLocationManuallyGPSEnabledTest">
    <skipped/>
  </testcase> <!-- EnterLocationManuallyGPSEnabledTestCase -->
</testsuite> <!-- Command line test -->
