<?xml version="1.0" encoding="UTF-8"?>
<testng-results skipped="1" failed="0" total="1" passed="0">
  <reporter-output>
  </reporter-output>
  <suite name="tinyOwlLocationTests" duration-ms="33078" started-at="2015-03-29T19:21:02Z" finished-at="2015-03-29T19:21:35Z">
    <groups>
    </groups>
    <test name="TC_01 - Current Location when GPS is enabled" duration-ms="33078" started-at="2015-03-29T19:21:02Z" finished-at="2015-03-29T19:21:35Z">
      <class name="com.flutterbee.tinyowl.CurrentLocationGPSEnabledTest">
        <test-method status="FAIL" signature="checkGPS()[pri:0, instance:com.flutterbee.tinyowl.CurrentLocationGPSEnabledTest@1bb089b]" name="checkGPS" is-config="true" duration-ms="0" started-at="2015-03-30T00:51:02Z" finished-at="2015-03-30T00:51:02Z">
          <exception class="java.lang.AssertionError">
            <message>
              <![CDATA[Unable to set GPS (Location) settings]]>
            </message>
            <full-stacktrace>
              <![CDATA[java.lang.AssertionError: Unable to set GPS (Location) settings
	at org.testng.Assert.fail(Assert.java:94)
	at com.flutterbee.tinyowl.CurrentLocationGPSEnabledTest.checkGPS(CurrentLocationGPSEnabledTest.java:26)
	at sun.reflect.NativeMethodAccessorImpl.invoke0(Native Method)
	at sun.reflect.NativeMethodAccessorImpl.invoke(Unknown Source)
	at sun.reflect.DelegatingMethodAccessorImpl.invoke(Unknown Source)
	at java.lang.reflect.Method.invoke(Unknown Source)
	at org.testng.internal.MethodInvocationHelper.invokeMethod(MethodInvocationHelper.java:84)
	at org.testng.internal.Invoker.invokeConfigurationMethod(Invoker.java:564)
	at org.testng.internal.Invoker.invokeConfigurations(Invoker.java:213)
	at org.testng.internal.Invoker.invokeConfigurations(Invoker.java:138)
	at org.testng.internal.TestMethodWorker.invokeBeforeClassMethods(TestMethodWorker.java:175)
	at org.testng.internal.TestMethodWorker.run(TestMethodWorker.java:107)
	at org.testng.TestRunner.privateRun(TestRunner.java:767)
	at org.testng.TestRunner.run(TestRunner.java:617)
	at org.testng.SuiteRunner.runTest(SuiteRunner.java:334)
	at org.testng.SuiteRunner.runSequentially(SuiteRunner.java:329)
	at org.testng.SuiteRunner.privateRun(SuiteRunner.java:291)
	at org.testng.SuiteRunner.run(SuiteRunner.java:240)
	at org.testng.SuiteRunnerWorker.runSuite(SuiteRunnerWorker.java:52)
	at org.testng.SuiteRunnerWorker.run(SuiteRunnerWorker.java:86)
	at org.testng.TestNG.runSuitesSequentially(TestNG.java:1224)
	at org.testng.TestNG.runSuitesLocally(TestNG.java:1149)
	at org.testng.TestNG.run(TestNG.java:1057)
	at org.testng.remote.RemoteTestNG.run(RemoteTestNG.java:111)
	at org.testng.remote.RemoteTestNG.initAndRun(RemoteTestNG.java:204)
	at org.testng.remote.RemoteTestNG.main(RemoteTestNG.java:175)
]]>
            </full-stacktrace>
          </exception> <!-- java.lang.AssertionError -->
          <reporter-output>
          </reporter-output>
        </test-method> <!-- checkGPS -->
        <test-method status="SKIP" signature="currentLocationGPSEnabledTestCase()[pri:0, instance:com.flutterbee.tinyowl.CurrentLocationGPSEnabledTest@1bb089b]" name="currentLocationGPSEnabledTestCase" duration-ms="1" started-at="2015-03-30T00:51:35Z" finished-at="2015-03-30T00:51:35Z">
          <reporter-output>
          </reporter-output>
        </test-method> <!-- currentLocationGPSEnabledTestCase -->
        <test-method status="SKIP" signature="teardown()[pri:0, instance:com.flutterbee.tinyowl.CurrentLocationGPSEnabledTest@1bb089b]" name="teardown" is-config="true" duration-ms="0" started-at="2015-03-30T00:51:35Z" finished-at="2015-03-30T00:51:35Z">
          <reporter-output>
          </reporter-output>
        </test-method> <!-- teardown -->
      </class> <!-- com.flutterbee.tinyowl.CurrentLocationGPSEnabledTest -->
    </test> <!-- TC_01 - Current Location when GPS is enabled -->
  </suite> <!-- tinyOwlLocationTests -->
</testng-results>
