<?xml version="1.0" encoding="UTF-8"?>
<!-- Generated by org.testng.reporters.JUnitXMLReporter -->
<testsuite hostname="USMUMDVINAYAK1" name="TC_03" tests="1" failures="1" timestamp="29 Mar 2015 13:25:59 GMT" time="72.765" errors="0">
  <testcase name="EnterLocationManuallyGPSEnabledTestCase" time="37.883" classname="com.flutterbee.tinyowl.SearchLocationManuallyGPSEnabledTest">
    <failure type="java.lang.AssertionError" message="Currently Not Active in Virar East, Virar, Maharashtra, India">
      <![CDATA[java.lang.AssertionError: Currently Not Active in Virar East, Virar, Maharashtra, India
	at com.flutterbee.tinyowl.ManualLocationEntryPage.selectLocationManually(ManualLocationEntryPage.java:112)
	at com.flutterbee.tinyowl.SearchLocationManuallyGPSEnabledTest.EnterLocationManuallyGPSEnabledTestCase(SearchLocationManuallyGPSEnabledTest.java:45)
... Removed 25 stack frames]]>
    </failure>
  </testcase> <!-- EnterLocationManuallyGPSEnabledTestCase -->
</testsuite> <!-- TC_03 -->
