<?xml version="1.0" encoding="UTF-8"?>
<!-- Generated by org.testng.reporters.JUnitXMLReporter -->
<testsuite hostname="USMUMDVINAYAK1" name="TC_01 - Current Location when GPS is enabled" tests="1" failures="0" timestamp="29 Mar 2015 19:21:35 GMT" time="33.078" errors="0">
  <testcase name="@BeforeClass checkGPS" time="0.0" classname="com.flutterbee.tinyowl.CurrentLocationGPSEnabledTest">
    <failure type="java.lang.AssertionError" message="Unable to set GPS (Location) settings">
      <![CDATA[java.lang.AssertionError: Unable to set GPS (Location) settings
	at com.flutterbee.tinyowl.CurrentLocationGPSEnabledTest.checkGPS(CurrentLocationGPSEnabledTest.java:26)
... Removed 25 stack frames]]>
    </failure>
  </testcase> <!-- @BeforeClass checkGPS -->
  <testcase name="@AfterClass teardown" time="0.0" classname="com.flutterbee.tinyowl.CurrentLocationGPSEnabledTest">
    <skipped/>
  </testcase> <!-- @AfterClass teardown -->
  <testcase name="currentLocationGPSEnabledTestCase" time="0.001" classname="com.flutterbee.tinyowl.CurrentLocationGPSEnabledTest">
    <skipped/>
  </testcase> <!-- currentLocationGPSEnabledTestCase -->
</testsuite> <!-- TC_01 - Current Location when GPS is enabled -->
