<?xml version="1.0" encoding="UTF-8"?>
<!-- Generated by org.testng.reporters.JUnitXMLReporter -->
<testsuite hostname="USMUMDVINAYAK1" name="TC_02 - Current Location when GPS is initially disabled" tests="1" failures="0" timestamp="29 Mar 2015 18:24:19 GMT" time="248.277" errors="0">
  <testcase name="currentLocationGPSDisabledTestCase" time="215.031" classname="com.flutterbee.tinyowl.CurrentLocationGPSDisabledTest"/>
</testsuite> <!-- TC_02 - Current Location when GPS is initially disabled -->
