<?xml version="1.0" encoding="UTF-8"?>
<!-- Generated by org.testng.reporters.JUnitXMLReporter -->
<testsuite hostname="USMUMDVINAYAK1" name="TC_03 - Search a valid(in scope) Location manually when GPS is enabled" tests="1" failures="0" timestamp="29 Mar 2015 21:38:12 GMT" time="202.942" errors="0">
  <testcase name="searchLocationManuallyGPSEnabledTestCase" time="165.196" classname="com.flutterbee.tinyowl.SearchLocationManuallyGPSEnabledTest"/>
</testsuite> <!-- TC_03 - Search a valid(in scope) Location manually when GPS is enabled -->
