<?xml version="1.0" encoding="UTF-8"?>
<!-- Generated by org.testng.reporters.JUnitXMLReporter -->
<testsuite hostname="USMUMDVINAYAK1" name="TC_04 - Search an invalid(out of scope) Location manually when GPS is enabled" tests="1" failures="1" timestamp="29 Mar 2015 21:39:21 GMT" time="68.339" errors="0">
  <testcase name="searchLocationManuallyGPSEnabledTestCase" time="35.992" classname="com.flutterbee.tinyowl.SearchLocationManuallyGPSEnabledTest">
    <failure type="java.lang.AssertionError" message="Currently Not Active in Virar East, Virar, Maharashtra, India">
      <![CDATA[java.lang.AssertionError: Currently Not Active in Virar East, Virar, Maharashtra, India
	at com.flutterbee.tinyowl.ManualLocationEntryPage.selectLocationManually(ManualLocationEntryPage.java:141)
	at com.flutterbee.tinyowl.SearchLocationManuallyGPSEnabledTest.searchLocationManuallyGPSEnabledTestCase(SearchLocationManuallyGPSEnabledTest.java:56)
... Removed 25 stack frames]]>
    </failure>
  </testcase> <!-- searchLocationManuallyGPSEnabledTestCase -->
</testsuite> <!-- TC_04 - Search an invalid(out of scope) Location manually when GPS is enabled -->
