<?xml version="1.0" encoding="UTF-8"?>
<!-- Generated by org.testng.reporters.JUnitXMLReporter -->
<testsuite hostname="USMUMDVINAYAK1" name="TC_03 - Search a valid(in scope) Location manually when GPS is enabled" tests="1" failures="0" timestamp="29 Mar 2015 18:27:53 GMT" time="214.379" errors="0">
  <testcase name="searchLocationManuallyGPSEnabledTestCase" time="182.26" classname="com.flutterbee.tinyowl.SearchLocationManuallyGPSEnabledTest"/>
</testsuite> <!-- TC_03 - Search a valid(in scope) Location manually when GPS is enabled -->
