<?xml version="1.0" encoding="UTF-8"?>
<!-- Generated by org.testng.reporters.JUnitXMLReporter -->
<testsuite hostname="USMUMDVINAYAK1" name="TC_05" tests="1" failures="0" timestamp="29 Mar 2015 17:33:29 GMT" time="0.012" errors="0">
  <testcase name="@BeforeClass checkGPS" time="0.0" classname="com.flutterbee.tinyowl.SearchLocationManuallyGPSDisabledTest">
    <failure type="org.openqa.selenium.SessionNotCreatedException" message="A new session could not be created. (Original error: Requested a new session but one was in progress) (WARNING: The server did not provide any stacktrace information)
Command duration or timeout: 5 milliseconds
Build info: version: &amp;apos;2.45.0&amp;apos;, revision: &amp;apos;5017cb8e7ca8e37638dc3091b2440b90a1d8686f&amp;apos;, time: &amp;apos;2015-02-27 09:10:26&amp;apos;
System info: host: &amp;apos;USMUMDVINAYAK1&amp;apos;, ip: &amp;apos;192.168.56.1&amp;apos;, os.name: &amp;apos;Windows 7&amp;apos;, os.arch: &amp;apos;x86&amp;apos;, os.version: &amp;apos;6.1&amp;apos;, java.version: &amp;apos;1.8.0_25&amp;apos;
Driver info: io.appium.java_client.android.AndroidDriver">
      <![CDATA[org.openqa.selenium.SessionNotCreatedException: A new session could not be created. (Original error: Requested a new session but one was in progress) (WARNING: The server did not provide any stacktrace information)
Command duration or timeout: 5 milliseconds
Build info: version: '2.45.0', revision: '5017cb8e7ca8e37638dc3091b2440b90a1d8686f', time: '2015-02-27 09:10:26'
System info: host: 'USMUMDVINAYAK1', ip: '192.168.56.1', os.name: 'Windows 7', os.arch: 'x86', os.version: '6.1', java.version: '1.8.0_25'
Driver info: io.appium.java_client.android.AndroidDriver
	at org.openqa.selenium.remote.ErrorHandler.createThrowable(ErrorHandler.java:204)
	at org.openqa.selenium.remote.ErrorHandler.throwIfResponseFailed(ErrorHandler.java:156)
	at org.openqa.selenium.remote.RemoteWebDriver.execute(RemoteWebDriver.java:599)
	at io.appium.java_client.AppiumDriver.execute(AppiumDriver.java:180)
	at org.openqa.selenium.remote.RemoteWebDriver.startSession(RemoteWebDriver.java:240)
	at org.openqa.selenium.remote.RemoteWebDriver.<init>(RemoteWebDriver.java:126)
	at org.openqa.selenium.remote.RemoteWebDriver.<init>(RemoteWebDriver.java:153)
	at io.appium.java_client.AppiumDriver.<init>(AppiumDriver.java:109)
	at io.appium.java_client.android.AndroidDriver.<init>(AndroidDriver.java:39)
	at com.flutterbee.tinyowl.Page.getNewDriverForGPSSettings(Page.java:63)
	at com.flutterbee.tinyowl.BaseTest.getDriverForGPSSettings(BaseTest.java:31)
	at com.flutterbee.tinyowl.SearchLocationManuallyGPSDisabledTest.checkGPS(SearchLocationManuallyGPSDisabledTest.java:19)
... Removed 28 stack frames]]>
    </failure>
  </testcase> <!-- @BeforeClass checkGPS -->
  <testcase name="@AfterClass teardown" time="0.0" classname="com.flutterbee.tinyowl.SearchLocationManuallyGPSDisabledTest">
    <skipped/>
  </testcase> <!-- @AfterClass teardown -->
  <testcase name="searchLocationManuallyGPSDisabledTestCase" time="0.001" classname="com.flutterbee.tinyowl.SearchLocationManuallyGPSDisabledTest">
    <skipped/>
  </testcase> <!-- searchLocationManuallyGPSDisabledTestCase -->
</testsuite> <!-- TC_05 -->
