<?xml version="1.0" encoding="UTF-8"?>
<!-- Generated by org.testng.reporters.JUnitXMLReporter -->
<testsuite hostname="USMUMDVINAYAK1" name="TC_05 - Search a valid(in scope) Location manually when GPS is initially disabled" tests="1" failures="0" timestamp="29 Mar 2015 21:43:56 GMT" time="274.996" errors="0">
  <testcase name="searchLocationManuallyGPSDisabledTestCase" time="242.111" classname="com.flutterbee.tinyowl.SearchLocationManuallyGPSDisabledTest"/>
</testsuite> <!-- TC_05 - Search a valid(in scope) Location manually when GPS is initially disabled -->
