<?xml version="1.0" encoding="UTF-8"?>
<!-- Generated by org.testng.reporters.JUnitXMLReporter -->
<testsuite hostname="USMUMDVINAYAK1" name="TC_02" tests="1" failures="1" timestamp="29 Mar 2015 11:22:17 GMT" time="71.876" errors="0">
  <testcase name="CurrentLocationGPSDisabledTestCase" time="31.869" classname="com.flutterbee.tinyowl.CurrentLocationGPSDisabledTest">
    <failure type="java.lang.AssertionError" message="Restaurants list is not displayed">
      <![CDATA[java.lang.AssertionError: Restaurants list is not displayed
	at com.flutterbee.tinyowl.CurrentLocationGPSDisabledTest.CurrentLocationGPSDisabledTestCase(CurrentLocationGPSDisabledTest.java:86)
... Removed 34 stack frames]]>
    </failure>
  </testcase> <!-- CurrentLocationGPSDisabledTestCase -->
</testsuite> <!-- TC_02 -->
