<?xml version="1.0" encoding="UTF-8"?>
<!-- Generated by org.testng.reporters.JUnitXMLReporter -->
<testsuite hostname="USMUMDVINAYAK1" name="TC_04" tests="1" failures="1" timestamp="29 Mar 2015 11:27:22 GMT" time="82.822" errors="0">
  <testcase name="SearchLocationManuallyGPSDisabledTestCase" time="41.915" classname="com.flutterbee.tinyowl.SearchLocationManuallyGPSDisabledTest">
    <failure type="java.lang.AssertionError" message="Unable To Fetch Restaurants in Andheri East, Mumbai, Maharashtra, India">
      <![CDATA[java.lang.AssertionError: Unable To Fetch Restaurants in Andheri East, Mumbai, Maharashtra, India
	at com.flutterbee.tinyowl.ManualLocationEntryPage.selectLocationManually(ManualLocationEntryPage.java:112)
	at com.flutterbee.tinyowl.SearchLocationManuallyGPSDisabledTest.SearchLocationManuallyGPSDisabledTestCase(SearchLocationManuallyGPSDisabledTest.java:62)
... Removed 34 stack frames]]>
    </failure>
  </testcase> <!-- SearchLocationManuallyGPSDisabledTestCase -->
</testsuite> <!-- TC_04 -->
